2025-05-27 20:15:23,205 - INFO - ==================================================
SolanaScalper - Bot de Trading v2.0 (MODO ASÍNCRONO)
==================================================

2025-05-27 20:15:23,226 - INFO - Iniciando componentes asíncronos y síncronos...
2025-05-27 20:15:23,239 - INFO - Conectando y suscribiendo al WebSocket de OKX...
2025-05-27 20:15:25,577 - INFO - Conexión establecida con la API de OKX WebSocket.
2025-05-27 20:15:25,956 - INFO - Respuesta de autenticación: {"event":"login","msg":"","code":"0","connId":"3e4270f3"}
2025-05-27 20:15:26,320 - INFO - Respuesta de suscripción: {"event":"subscribe","arg":{"channel":"tickers","instId":"SOL-USDT"},"connId":"3e4270f3"}
2025-05-27 20:15:26,320 - INFO - Latencia medida: 0.00 ms
2025-05-27 20:15:26,320 - INFO - Suscripciones iniciales enviadas.
2025-05-27 20:15:26,320 - INFO - Inicializando bot en modo PAPER...
2025-05-27 20:15:26,324 - INFO - Bot inicializado.
2025-05-27 20:15:26,324 - INFO - Hilo de entrada de usuario iniciado. Presiona 'q' para salir.
2025-05-27 20:15:26,328 - INFO - [ScalpingBot]: Iniciando consumidor de datos de la cola...
2025-05-27 20:15:26,336 - INFO - Mejor Bid: 176.76, Tamaño: 38.94282 | Mejor Ask: 176.77, Tamaño: 92.075035
2025-05-27 20:15:26,362 - INFO - [Resumen] Canal: tickers, Instrumento: SOL-USDT, Datos: [{'instType': 'SPOT', 'instId': 'SOL-USDT', 'last': '176.76', 'lastSz': '0.092157', 'askPx': '176.77', 'askSz': '92.075035', 'bidPx': '176.76', 'bidSz': '38.94282', 'open24h': '174.34', 'high24h': '179.4', 'low24h': '171.22', 'sodUtc0': '174.91', 'sodUtc8': '178.44', 'volCcy24h': '170696387.7427669', 'vol24h': '969010.201366', 'ts': '1748387726022'}]
2025-05-27 20:15:26,475 - ERROR - Error en hilo de input: There is no current event loop in thread 'Thread-3 (_get_user_input_thread)'.
2025-05-27 20:15:26,507 - INFO - [ScalpingBot - Trade]: SOL-USDT - Trades recibidos.
2025-05-27 20:15:26,511 - INFO - [ScalpingBot - Trade]: SOL-USDT - Trades recibidos.
2025-05-27 20:15:26,583 - INFO - [ScalpingBot - Trade]: SOL-USDT - Trades recibidos.
2025-05-27 20:15:26,591 - INFO - [ScalpingBot - Trade]: SOL-USDT - Trades recibidos.
2025-05-27 20:15:26,640 - INFO - Mejor Bid: 176.76, Tamaño: 16.443831 | Mejor Ask: 176.77, Tamaño: 92.075035
2025-05-27 20:15:26,680 - INFO - [ScalpingBot - Trade]: SOL-USDT - Trades recibidos.
2025-05-27 20:15:26,706 - INFO - Mejor Bid: 176.74, Tamaño: 0.033946 | Mejor Ask: 176.75, Tamaño: 158.486338
2025-05-27 20:15:26,848 - INFO - Mejor Bid: 176.74, Tamaño: 0.033946 | Mejor Ask: 176.75, Tamaño: 212.516363
2025-05-27 20:15:27,106 - INFO - Mejor Bid: 176.74, Tamaño: 12.556618 | Mejor Ask: 176.75, Tamaño: 179.720236
2025-05-27 20:15:27,392 - INFO - Mejor Bid: 176.74, Tamaño: 0.056618 | Mejor Ask: 176.75, Tamaño: 179.720236
2025-05-27 20:15:27,893 - INFO - Mejor Bid: 176.74, Tamaño: 2.165132 | Mejor Ask: 176.75, Tamaño: 179.720236
2025-05-27 20:15:27,994 - INFO - Mejor Bid: 176.74, Tamaño: 2.935132 | Mejor Ask: 176.75, Tamaño: 179.720236
2025-05-27 20:15:28,835 - INFO - [ScalpingBot - Trade]: SOL-USDT - Trades recibidos.
2025-05-27 20:15:28,856 - INFO - Mejor Bid: 176.74, Tamaño: 131.027053 | Mejor Ask: 176.76, Tamaño: 0.005679
2025-05-27 20:15:28,956 - INFO - Mejor Bid: 176.75, Tamaño: 107.608655 | Mejor Ask: 176.76, Tamaño: 0.005679
2025-05-27 20:15:29,042 - INFO - [ScalpingBot - Trade]: SOL-USDT - Trades recibidos.
2025-05-27 20:15:29,045 - INFO - [ScalpingBot - Trade]: SOL-USDT - Trades recibidos.
2025-05-27 20:15:29,073 - INFO - Mejor Bid: 176.76, Tamaño: 99.67062 | Mejor Ask: 176.77, Tamaño: 1.142941
2025-05-27 20:15:29,091 - INFO - [ScalpingBot - Trade]: SOL-USDT - Trades recibidos.
2025-05-27 20:15:29,111 - INFO - [ScalpingBot - Trade]: SOL-USDT - Trades recibidos.
2025-05-27 20:15:29,214 - INFO - Mejor Bid: 176.79, Tamaño: 87.896955 | Mejor Ask: 176.81, Tamaño: 2.343825
2025-05-27 20:15:29,512 - INFO - Mejor Bid: 176.8, Tamaño: 118.898835 | Mejor Ask: 176.81, Tamaño: 10.676098
2025-05-27 20:15:29,512 - INFO - Mejor Bid: 176.8, Tamaño: 118.898835 | Mejor Ask: 176.81, Tamaño: 1.217583
2025-05-27 20:15:29,601 - INFO - Mejor Bid: 176.8, Tamaño: 101.406201 | Mejor Ask: 176.81, Tamaño: 11.841783
2025-05-27 20:15:29,706 - INFO - Mejor Bid: 176.8, Tamaño: 88.266643 | Mejor Ask: 176.81, Tamaño: 11.841783
2025-05-27 20:15:30,351 - INFO - Mejor Bid: 176.8, Tamaño: 81.936505 | Mejor Ask: 176.81, Tamaño: 25.981253
2025-05-27 20:15:30,351 - INFO - Mejor Bid: 176.79, Tamaño: 32.87 | Mejor Ask: 176.8, Tamaño: 86.585138
2025-05-27 20:15:30,360 - INFO - [ScalpingBot - Trade]: SOL-USDT - Trades recibidos.
2025-05-27 20:15:30,854 - INFO - Mejor Bid: 176.78, Tamaño: 2.178521 | Mejor Ask: 176.79, Tamaño: 283.594204
2025-05-27 20:15:30,854 - INFO - Mejor Bid: 176.76, Tamaño: 55.679829 | Mejor Ask: 176.77, Tamaño: 34.11
2025-05-27 20:15:30,858 - INFO - Mejor Bid: 176.76, Tamaño: 43.641519 | Mejor Ask: 176.77, Tamaño: 41.6042
2025-05-27 20:15:30,862 - INFO - Mejor Bid: 176.76, Tamaño: 1.697779 | Mejor Ask: 176.77, Tamaño: 70.023787
2025-05-27 20:15:30,862 - INFO - [ScalpingBot - Trade]: SOL-USDT - Trades recibidos.
2025-05-27 20:15:30,880 - INFO - Mejor Bid: 176.76, Tamaño: 34.567779 | Mejor Ask: 176.77, Tamaño: 82.623787
2025-05-27 20:15:30,884 - INFO - Mejor Bid: 176.76, Tamaño: 37.990219 | Mejor Ask: 176.77, Tamaño: 70.023787
2025-05-27 20:15:30,904 - INFO - Mejor Bid: 176.76, Tamaño: 37.990219 | Mejor Ask: 176.77, Tamaño: 82.623787
2025-05-27 20:15:31,269 - INFO - Mejor Bid: 176.76, Tamaño: 32.677779 | Mejor Ask: 176.77, Tamaño: 83.30271
2025-05-27 20:15:31,401 - INFO - Mejor Bid: 176.76, Tamaño: 32.677779 | Mejor Ask: 176.77, Tamaño: 82.623787
2025-05-27 20:15:31,557 - INFO - Mejor Bid: 176.76, Tamaño: 35.808779 | Mejor Ask: 176.77, Tamaño: 70.023787
2025-05-27 20:15:31,675 - INFO - Mejor Bid: 176.76, Tamaño: 43.181019 | Mejor Ask: 176.77, Tamaño: 70.139364
2025-05-27 20:15:31,762 - INFO - Mejor Bid: 176.76, Tamaño: 43.307769 | Mejor Ask: 176.77, Tamaño: 70.139364
2025-05-27 20:15:32,519 - INFO - Mejor Bid: 176.76, Tamaño: 35.936529 | Mejor Ask: 176.77, Tamaño: 70.139364
2025-05-27 20:15:32,523 - INFO - Mejor Bid: 176.76, Tamaño: 38.677259 | Mejor Ask: 176.77, Tamaño: 70.139364
2025-05-27 20:15:32,732 - INFO - [ScalpingBot]: Consumidor de cola cancelado.
2025-05-27 20:15:32,732 - INFO - [ScalpingBot]: Consumidor de datos de la cola detenido.
2025-05-27 20:15:32,736 - INFO - Manejador de comandos CLI cancelado.
2025-05-27 20:15:32,740 - INFO - Tareas principales canceladas.
2025-05-27 20:15:32,740 - INFO - Cerrando recursos del bot...
2025-05-27 20:15:32,744 - INFO - Apagando el bot...
2025-05-27 20:15:32,748 - WARNING - El bot no está activo.
2025-05-27 20:15:32,756 - INFO - Bot apagado y recursos liberados.
2025-05-27 20:15:32,768 - CRITICAL - Un error inesperado detuvo el bot: 'OKXWebSocketClient' object has no attribute 'ws'
Traceback (most recent call last):
  File "C:\proyectos\mibot2\CryptoTradingBot\main1.py", line 305, in <module>
  File "C:\Users\fede\AppData\Local\Programs\Python\Python311\Lib\asyncio\runners.py", line 190, in run
    return runner.run(main)
           ^^^^^^^^^^^^^^^^
  File "C:\Users\fede\AppData\Local\Programs\Python\Python311\Lib\asyncio\runners.py", line 118, in run
    return self._loop.run_until_complete(task)
           ^^^^^^^^^^^^^^^^^^^^^^^^^^^^^^^^^^^
  File "C:\Users\fede\AppData\Local\Programs\Python\Python311\Lib\asyncio\base_events.py", line 653, in run_until_complete
    return future.result()
           ^^^^^^^^^^^^^^^
  File "C:\proyectos\mibot2\CryptoTradingBot\main1.py", line 290, in main_cli_interface_async
AttributeError: 'OKXWebSocketClient' object has no attribute 'ws'
